[2025-04-20 06:46:13][INFO] Cron manager started
[2025-04-20 06:46:13][INFO] Initializing jobs in database
[2025-04-20 06:46:13][INFO] Initialized 2 jobs in database
[2025-04-20 06:46:13][INFO] Retrieved 2 job statuses from database
[2025-04-20 06:46:13][INFO] Job 'proxy_scraper_validator' - Last run: never, Next run: unknown, Current status: pending
[2025-04-20 06:46:13][INFO] Attempting to execute job: proxy_scraper_validator (Scrapes and validates proxies)
[2025-04-20 06:46:13][INFO] Starting job: proxy_scraper_validator
[2025-04-20 06:46:13][INFO] Updated job 'proxy_scraper_validator' status to 'running', last_run: 2025-04-20 06:46:13, next_run: 2025-04-20 12:46:13
[2025-04-20 06:46:14][INFO] Job 'proxy_scraper_validator' completed successfully in 1.27 seconds
[2025-04-20 06:46:14][INFO] Updated job 'proxy_scraper_validator' status to 'completed', last_run: 2025-04-20 06:46:14, next_run: 2025-04-20 12:46:14
[2025-04-20 06:46:14][INFO] Job 'backlink_verifier' - Last run: never, Next run: unknown, Current status: pending
[2025-04-20 06:46:14][INFO] Attempting to execute job: backlink_verifier (Verifies backlinks status)
[2025-04-20 06:46:14][INFO] Starting job: backlink_verifier
[2025-04-20 06:46:14][INFO] Updated job 'backlink_verifier' status to 'running', last_run: 2025-04-20 06:46:14, next_run: 2025-04-20 07:16:14
[2025-04-20 06:46:24][INFO] Job 'backlink_verifier' completed successfully in 10.34 seconds
[2025-04-20 06:46:24][INFO] Updated job 'backlink_verifier' status to 'completed', last_run: 2025-04-20 06:46:24, next_run: 2025-04-20 07:16:24
[2025-04-20 06:46:24][INFO] Cron manager completed. Executed: 2 jobs, Skipped: 0 jobs
[2025-04-21 16:04:25][INFO] Cron manager started
[2025-04-21 16:04:25][INFO] Initializing jobs in database
[2025-04-21 16:04:25][INFO] Initialized 2 jobs in database
[2025-04-21 16:04:25][INFO] Retrieved 2 job statuses from database
[2025-04-21 16:04:25][INFO] Job 'proxy_scraper_validator' - Last run: never, Next run: unknown, Current status: pending
[2025-04-21 16:04:25][INFO] Attempting to execute job: proxy_scraper_validator (Scrapes and validates proxies)
[2025-04-21 16:04:25][INFO] Starting job: proxy_scraper_validator
[2025-04-21 16:04:25][INFO] Updated job 'proxy_scraper_validator' status to 'running', last_run: 2025-04-21 16:04:25, next_run: 2025-04-21 22:04:25
[2025-04-21 16:04:27][INFO] Job 'proxy_scraper_validator' completed successfully in 1.39 seconds
[2025-04-21 16:04:27][INFO] Updated job 'proxy_scraper_validator' status to 'completed', last_run: 2025-04-21 16:04:27, next_run: 2025-04-21 22:04:27
[2025-04-21 16:04:27][INFO] Job 'backlink_verifier' - Last run: never, Next run: unknown, Current status: pending
[2025-04-21 16:04:27][INFO] Attempting to execute job: backlink_verifier (Verifies backlinks status)
[2025-04-21 16:04:27][INFO] Starting job: backlink_verifier
[2025-04-21 16:04:27][INFO] Updated job 'backlink_verifier' status to 'running', last_run: 2025-04-21 16:04:27, next_run: 2025-04-21 16:34:27
[2025-04-21 16:04:27][INFO] Job 'backlink_verifier' completed successfully in 0 seconds
[2025-04-21 16:04:27][INFO] Updated job 'backlink_verifier' status to 'completed', last_run: 2025-04-21 16:04:27, next_run: 2025-04-21 16:34:27
[2025-04-21 16:04:27][INFO] Cron manager completed. Executed: 2 jobs, Skipped: 0 jobs
